Added Component: Designator=C1(CAP-0805)
Added Component: Designator=C2(CAP-0805)
Added Component: Designator=C3(CAP-0805)
Added Component: Designator=C4(CAP-0805)
Added Component: Designator=C5(CAP-0805)
Added Component: Designator=C6(CAP-0805)
Added Component: Designator=C7(CAP-0805)
Added Component: Designator=C8(CAP-0805)
Added Component: Designator=C9(CAP-0805)
Added Component: Designator=C10(CAP-0805)
Added Component: Designator=C11(CAP-0805)
Added Component: Designator=C12(CAP-0805)
Added Component: Designator=CBUS(HDR1X5)
Added Component: Designator=Handshake(HDR1X6)
Added Component: Designator=J1(USB-B)
Added Component: Designator=Port1(HDR1X8)
Added Component: Designator=Port2(HDR1X8)
Added Component: Designator=Port3(HDR1X8)
Added Component: Designator=Port4(HDR1X8)
Added Component: Designator=Port5(HDR1X8)
Added Component: Designator=Port6(HDR1X8)
Added Component: Designator=Power(HDR1X3)
Added Component: Designator=ProgrammerPower(HDR1X3)
Added Component: Designator=Programmer(HDR2X7)
Added Component: Designator=R1(RES-0805)
Added Component: Designator=R2(RES-0805)
Added Component: Designator=R3(RES-0805)
Added Component: Designator=RX(LED-0805)
Added Component: Designator=S1(SW PB)
Added Component: Designator=TX(LED-0805)
Added Component: Designator=U1(TI-PM64_N)
Added Component: Designator=U2(SSOP-28_N)
Added Component: Designator=Y1(R38)
Added Component: Designator=Y2(R38)
Added Pin To Net: NetName=3V3 Pin=C1-1
Added Pin To Net: NetName=3V3 Pin=C6-1
Added Pin To Net: NetName=3V3 Pin=C7-2
Added Pin To Net: NetName=3V3 Pin=Power-2
Added Pin To Net: NetName=3V3 Pin=ProgrammerPower-2
Added Pin To Net: NetName=3V3 Pin=R3-2
Added Pin To Net: NetName=3V3 Pin=U1-1
Added Pin To Net: NetName=3V3 Pin=U1-64
Added Pin To Net: NetName=3V3 Pin=U2-4
Added Pin To Net: NetName=3V3 Pin=U2-17
Added Net: Name=3V3
Added Pin To Net: NetName=5V0 Pin=C2-1
Added Pin To Net: NetName=5V0 Pin=C3-2
Added Pin To Net: NetName=5V0 Pin=C4-1
Added Pin To Net: NetName=5V0 Pin=C5-2
Added Pin To Net: NetName=5V0 Pin=J1-1
Added Pin To Net: NetName=5V0 Pin=Power-3
Added Pin To Net: NetName=5V0 Pin=R1-2
Added Pin To Net: NetName=5V0 Pin=R2-2
Added Pin To Net: NetName=5V0 Pin=U2-20
Added Net: Name=5V0
Added Pin To Net: NetName=GND Pin=C1-2
Added Pin To Net: NetName=GND Pin=C2-2
Added Pin To Net: NetName=GND Pin=C3-1
Added Pin To Net: NetName=GND Pin=C4-2
Added Pin To Net: NetName=GND Pin=C5-1
Added Pin To Net: NetName=GND Pin=C6-2
Added Pin To Net: NetName=GND Pin=C7-1
Added Pin To Net: NetName=GND Pin=C8-2
Added Pin To Net: NetName=GND Pin=C9-2
Added Pin To Net: NetName=GND Pin=C10-1
Added Pin To Net: NetName=GND Pin=C11-2
Added Pin To Net: NetName=GND Pin=C12-2
Added Pin To Net: NetName=GND Pin=J1-0
Added Pin To Net: NetName=GND Pin=J1-0
Added Pin To Net: NetName=GND Pin=J1-4
Added Pin To Net: NetName=GND Pin=Power-1
Added Pin To Net: NetName=GND Pin=Programmer-9
Added Pin To Net: NetName=GND Pin=S1-1
Added Pin To Net: NetName=GND Pin=U1-62
Added Pin To Net: NetName=GND Pin=U1-63
Added Pin To Net: NetName=GND Pin=U2-7
Added Pin To Net: NetName=GND Pin=U2-18
Added Pin To Net: NetName=GND Pin=U2-21
Added Pin To Net: NetName=GND Pin=U2-25
Added Pin To Net: NetName=GND Pin=U2-26
Added Net: Name=GND
Added Pin To Net: NetName=NetCBUS_3 Pin=CBUS-3
Added Pin To Net: NetName=NetCBUS_3 Pin=U2-13
Added Net: Name=NetCBUS_3
Added Pin To Net: NetName=NetCBUS_4 Pin=CBUS-4
Added Pin To Net: NetName=NetCBUS_4 Pin=U2-14
Added Net: Name=NetCBUS_4
Added Pin To Net: NetName=NetCBUS_5 Pin=CBUS-5
Added Pin To Net: NetName=NetCBUS_5 Pin=U2-12
Added Net: Name=NetCBUS_5
Added Pin To Net: NetName=NetHandshake_1 Pin=Handshake-1
Added Pin To Net: NetName=NetHandshake_1 Pin=U2-2
Added Net: Name=NetHandshake_1
Added Pin To Net: NetName=NetHandshake_2 Pin=Handshake-2
Added Pin To Net: NetName=NetHandshake_2 Pin=U2-9
Added Net: Name=NetHandshake_2
Added Pin To Net: NetName=NetHandshake_3 Pin=Handshake-3
Added Pin To Net: NetName=NetHandshake_3 Pin=U2-3
Added Net: Name=NetHandshake_3
Added Pin To Net: NetName=NetHandshake_4 Pin=Handshake-4
Added Pin To Net: NetName=NetHandshake_4 Pin=U2-11
Added Net: Name=NetHandshake_4
Added Pin To Net: NetName=NetHandshake_5 Pin=Handshake-5
Added Pin To Net: NetName=NetHandshake_5 Pin=U2-10
Added Net: Name=NetHandshake_5
Added Pin To Net: NetName=NetHandshake_6 Pin=Handshake-6
Added Pin To Net: NetName=NetHandshake_6 Pin=U2-6
Added Net: Name=NetHandshake_6
Added Pin To Net: NetName=NetR1_1 Pin=R1-1
Added Pin To Net: NetName=NetR1_1 Pin=RX-1
Added Net: Name=NetR1_1
Added Pin To Net: NetName=NetR2_1 Pin=R2-1
Added Pin To Net: NetName=NetR2_1 Pin=TX-1
Added Net: Name=NetR2_1
Added Pin To Net: NetName=P1.0 Pin=Port1-1
Added Pin To Net: NetName=P1.0 Pin=U1-12
Added Net: Name=P1.0
Added Pin To Net: NetName=P1.1 Pin=Port1-2
Added Pin To Net: NetName=P1.1 Pin=U1-13
Added Net: Name=P1.1
Added Pin To Net: NetName=P1.2 Pin=Port1-3
Added Pin To Net: NetName=P1.2 Pin=U1-14
Added Net: Name=P1.2
Added Pin To Net: NetName=P1.3 Pin=Port1-4
Added Pin To Net: NetName=P1.3 Pin=U1-15
Added Net: Name=P1.3
Added Pin To Net: NetName=P1.4 Pin=Port1-5
Added Pin To Net: NetName=P1.4 Pin=U1-16
Added Net: Name=P1.4
Added Pin To Net: NetName=P1.5 Pin=Port1-6
Added Pin To Net: NetName=P1.5 Pin=U1-17
Added Net: Name=P1.5
Added Pin To Net: NetName=P1.6 Pin=Port1-7
Added Pin To Net: NetName=P1.6 Pin=U1-18
Added Net: Name=P1.6
Added Pin To Net: NetName=P1.7 Pin=Port1-8
Added Pin To Net: NetName=P1.7 Pin=U1-19
Added Net: Name=P1.7
Added Pin To Net: NetName=P2.0 Pin=Port2-1
Added Pin To Net: NetName=P2.0 Pin=U1-20
Added Net: Name=P2.0
Added Pin To Net: NetName=P2.1 Pin=Port2-2
Added Pin To Net: NetName=P2.1 Pin=U1-21
Added Net: Name=P2.1
Added Pin To Net: NetName=P2.2 Pin=Port2-3
Added Pin To Net: NetName=P2.2 Pin=U1-22
Added Net: Name=P2.2
Added Pin To Net: NetName=P2.3 Pin=Port2-4
Added Pin To Net: NetName=P2.3 Pin=U1-23
Added Net: Name=P2.3
Added Pin To Net: NetName=P2.4 Pin=Port2-5
Added Pin To Net: NetName=P2.4 Pin=U1-24
Added Net: Name=P2.4
Added Pin To Net: NetName=P2.5 Pin=Port2-6
Added Pin To Net: NetName=P2.5 Pin=U1-25
Added Net: Name=P2.5
Added Pin To Net: NetName=P2.6 Pin=Port2-7
Added Pin To Net: NetName=P2.6 Pin=U1-26
Added Net: Name=P2.6
Added Pin To Net: NetName=P2.7 Pin=Port2-8
Added Pin To Net: NetName=P2.7 Pin=U1-27
Added Net: Name=P2.7
Added Pin To Net: NetName=P3.0 Pin=Port3-1
Added Pin To Net: NetName=P3.0 Pin=U1-28
Added Net: Name=P3.0
Added Pin To Net: NetName=P3.1 Pin=Port3-2
Added Pin To Net: NetName=P3.1 Pin=U1-29
Added Net: Name=P3.1
Added Pin To Net: NetName=P3.2 Pin=Port3-3
Added Pin To Net: NetName=P3.2 Pin=U1-30
Added Net: Name=P3.2
Added Pin To Net: NetName=P3.3 Pin=Port3-4
Added Pin To Net: NetName=P3.3 Pin=U1-31
Added Net: Name=P3.3
Added Pin To Net: NetName=P4.0 Pin=Port4-1
Added Pin To Net: NetName=P4.0 Pin=U1-36
Added Net: Name=P4.0
Added Pin To Net: NetName=P4.1 Pin=Port4-2
Added Pin To Net: NetName=P4.1 Pin=U1-37
Added Net: Name=P4.1
Added Pin To Net: NetName=P4.2 Pin=Port4-3
Added Pin To Net: NetName=P4.2 Pin=U1-38
Added Net: Name=P4.2
Added Pin To Net: NetName=P4.3 Pin=Port4-4
Added Pin To Net: NetName=P4.3 Pin=U1-39
Added Net: Name=P4.3
Added Pin To Net: NetName=P4.4 Pin=Port4-5
Added Pin To Net: NetName=P4.4 Pin=U1-40
Added Net: Name=P4.4
Added Pin To Net: NetName=P4.5 Pin=Port4-6
Added Pin To Net: NetName=P4.5 Pin=U1-41
Added Net: Name=P4.5
Added Pin To Net: NetName=P4.6 Pin=Port4-7
Added Pin To Net: NetName=P4.6 Pin=U1-42
Added Net: Name=P4.6
Added Pin To Net: NetName=P4.7 Pin=Port4-8
Added Pin To Net: NetName=P4.7 Pin=U1-43
Added Net: Name=P4.7
Added Pin To Net: NetName=P5.0 Pin=Port5-1
Added Pin To Net: NetName=P5.0 Pin=U1-44
Added Net: Name=P5.0
Added Pin To Net: NetName=P5.1 Pin=Port5-2
Added Pin To Net: NetName=P5.1 Pin=U1-45
Added Net: Name=P5.1
Added Pin To Net: NetName=P5.2 Pin=Port5-3
Added Pin To Net: NetName=P5.2 Pin=U1-46
Added Net: Name=P5.2
Added Pin To Net: NetName=P5.3 Pin=Port5-4
Added Pin To Net: NetName=P5.3 Pin=U1-47
Added Net: Name=P5.3
Added Pin To Net: NetName=P5.4 Pin=Port5-5
Added Pin To Net: NetName=P5.4 Pin=U1-48
Added Net: Name=P5.4
Added Pin To Net: NetName=P5.5 Pin=Port5-6
Added Pin To Net: NetName=P5.5 Pin=U1-49
Added Net: Name=P5.5
Added Pin To Net: NetName=P5.6 Pin=Port5-7
Added Pin To Net: NetName=P5.6 Pin=U1-50
Added Net: Name=P5.6
Added Pin To Net: NetName=P5.7 Pin=Port5-8
Added Pin To Net: NetName=P5.7 Pin=U1-51
Added Net: Name=P5.7
Added Pin To Net: NetName=P6.0 Pin=Port6-1
Added Pin To Net: NetName=P6.0 Pin=U1-59
Added Net: Name=P6.0
Added Pin To Net: NetName=P6.1 Pin=Port6-2
Added Pin To Net: NetName=P6.1 Pin=U1-60
Added Net: Name=P6.1
Added Pin To Net: NetName=P6.2 Pin=Port6-3
Added Pin To Net: NetName=P6.2 Pin=U1-61
Added Net: Name=P6.2
Added Pin To Net: NetName=P6.3 Pin=Port6-4
Added Pin To Net: NetName=P6.3 Pin=U1-2
Added Net: Name=P6.3
Added Pin To Net: NetName=P6.4 Pin=Port6-5
Added Pin To Net: NetName=P6.4 Pin=U1-3
Added Net: Name=P6.4
Added Pin To Net: NetName=P6.5 Pin=Port6-6
Added Pin To Net: NetName=P6.5 Pin=U1-4
Added Net: Name=P6.5
Added Pin To Net: NetName=P6.6 Pin=Port6-7
Added Pin To Net: NetName=P6.6 Pin=U1-5
Added Net: Name=P6.6
Added Pin To Net: NetName=P6.7 Pin=Port6-8
Added Pin To Net: NetName=P6.7 Pin=U1-6
Added Net: Name=P6.7
Added Pin To Net: NetName=RX0 Pin=Port3-6
Added Pin To Net: NetName=RX0 Pin=U1-33
Added Pin To Net: NetName=RX0 Pin=U2-1
Added Net: Name=RX0
Added Pin To Net: NetName=RX1 Pin=Port3-8
Added Pin To Net: NetName=RX1 Pin=U1-35
Added Net: Name=RX1
Added Pin To Net: NetName=RX_LED Pin=CBUS-2
Added Pin To Net: NetName=RX_LED Pin=RX-2
Added Pin To Net: NetName=RX_LED Pin=U2-22
Added Net: Name=RX_LED
Added Pin To Net: NetName=TCK Pin=Programmer-7
Added Pin To Net: NetName=TCK Pin=U1-57
Added Net: Name=TCK
Added Pin To Net: NetName=TDI Pin=Programmer-3
Added Pin To Net: NetName=TDI Pin=U1-55
Added Net: Name=TDI
Added Pin To Net: NetName=TDO Pin=Programmer-1
Added Pin To Net: NetName=TDO Pin=U1-54
Added Net: Name=TDO
Added Pin To Net: NetName=TMS Pin=Programmer-5
Added Pin To Net: NetName=TMS Pin=U1-56
Added Net: Name=TMS
Added Pin To Net: NetName=TX0 Pin=Port3-5
Added Pin To Net: NetName=TX0 Pin=U1-32
Added Pin To Net: NetName=TX0 Pin=U2-5
Added Net: Name=TX0
Added Pin To Net: NetName=TX1 Pin=Port3-7
Added Pin To Net: NetName=TX1 Pin=U1-34
Added Net: Name=TX1
Added Pin To Net: NetName=TX_LED Pin=CBUS-1
Added Pin To Net: NetName=TX_LED Pin=TX-2
Added Pin To Net: NetName=TX_LED Pin=U2-23
Added Net: Name=TX_LED
Added Pin To Net: NetName=URESETN Pin=C10-2
Added Pin To Net: NetName=URESETN Pin=Programmer-11
Added Pin To Net: NetName=URESETN Pin=R3-1
Added Pin To Net: NetName=URESETN Pin=S1-2
Added Pin To Net: NetName=URESETN Pin=U1-58
Added Net: Name=URESETN
Added Pin To Net: NetName=USB_DM Pin=J1-2
Added Pin To Net: NetName=USB_DM Pin=U2-16
Added Net: Name=USB_DM
Added Pin To Net: NetName=USB_DP Pin=J1-3
Added Pin To Net: NetName=USB_DP Pin=U2-15
Added Net: Name=USB_DP
Added Pin To Net: NetName=VCC_TARGET Pin=Programmer-4
Added Pin To Net: NetName=VCC_TARGET Pin=ProgrammerPower-1
Added Net: Name=VCC_TARGET
Added Pin To Net: NetName=VCC_TOOL Pin=Programmer-2
Added Pin To Net: NetName=VCC_TOOL Pin=ProgrammerPower-3
Added Net: Name=VCC_TOOL
Added Pin To Net: NetName=XIN Pin=C8-1
Added Pin To Net: NetName=XIN Pin=U1-8
Added Pin To Net: NetName=XIN Pin=Y1-2
Added Net: Name=XIN
Added Pin To Net: NetName=XOUT Pin=C11-1
Added Pin To Net: NetName=XOUT Pin=U1-9
Added Pin To Net: NetName=XOUT Pin=Y1-1
Added Net: Name=XOUT
Added Pin To Net: NetName=XT2IN Pin=C9-1
Added Pin To Net: NetName=XT2IN Pin=U1-53
Added Pin To Net: NetName=XT2IN Pin=Y2-2
Added Net: Name=XT2IN
Added Pin To Net: NetName=XT2OUT Pin=C12-1
Added Pin To Net: NetName=XT2OUT Pin=U1-52
Added Pin To Net: NetName=XT2OUT Pin=Y2-1
Added Net: Name=XT2OUT
Added Class: Name=Digital - BlackChat
