Added Component: Designator=C21(CAPC0805(2012)100_L)
Added Component: Designator=C22(CAPC0805(2012)75_L)
Added Component: Designator=C23(CAPC0805(2012)75_L)
Added Component: Designator=C24(CAPC0805(2012)100_L)
Added Component: Designator=C25(CAPC0805(2012)100_L)
Added Component: Designator=C26(CAPC0805(2012)75_L)
Added Component: Designator=L2(C1210)
Added Component: Designator=L3(C1210)
Added Component: Designator=P1(HDR1X3)
Added Component: Designator=Q3(SOT95P275X120-3N)
Added Component: Designator=R19(RESC0805(2012)_L)
Added Component: Designator=R20(RESC0805(2012)_L)
Added Component: Designator=R21(RESC0805(2012)_L)
Added Component: Designator=R22(RESC0805(2012)_L)
Added Component: Designator=R23(RESC0805(2012)_L)
Added Component: Designator=R24(RESC0805(2012)_L)
Added Component: Designator=X1(RO3101E)
Added Pin To Net: NetName=3V3 Pin=P1-1
Added Pin To Net: NetName=3V3 Pin=R19-2
Added Net: Name=3V3
Added Pin To Net: NetName=AGND Pin=C21-1
Added Pin To Net: NetName=AGND Pin=C23-1
Added Pin To Net: NetName=AGND Pin=C25-1
Added Pin To Net: NetName=AGND Pin=C26-2
Added Pin To Net: NetName=AGND Pin=R23-1
Added Pin To Net: NetName=AGND Pin=R24-2
Added Pin To Net: NetName=AGND Pin=X1-5
Added Net: Name=AGND
Added Pin To Net: NetName=ANTENNA Pin=C23-2
Added Pin To Net: NetName=ANTENNA Pin=C26-1
Added Pin To Net: NetName=ANTENNA Pin=L2-2
Added Pin To Net: NetName=ANTENNA Pin=L3-2
Added Net: Name=ANTENNA
Added Pin To Net: NetName=DATA_TX Pin=P1-2
Added Pin To Net: NetName=DATA_TX Pin=R21-2
Added Net: Name=DATA_TX
Added Pin To Net: NetName=DGND Pin=P1-3
Added Pin To Net: NetName=DGND Pin=R24-1
Added Net: Name=DGND
Added Pin To Net: NetName=NetC21_2 Pin=C21-2
Added Pin To Net: NetName=NetC21_2 Pin=L3-1
Added Pin To Net: NetName=NetC21_2 Pin=R19-1
Added Net: Name=NetC21_2
Added Pin To Net: NetName=NetC22_1 Pin=C22-1
Added Pin To Net: NetName=NetC22_1 Pin=R22-2
Added Net: Name=NetC22_1
Added Pin To Net: NetName=NetC22_2 Pin=C22-2
Added Pin To Net: NetName=NetC22_2 Pin=L2-1
Added Pin To Net: NetName=NetC22_2 Pin=R20-2
Added Net: Name=NetC22_2
Added Pin To Net: NetName=NetC24_1 Pin=C24-1
Added Pin To Net: NetName=NetC24_1 Pin=X1-2
Added Net: Name=NetC24_1
Added Pin To Net: NetName=NetC24_2 Pin=C24-2
Added Pin To Net: NetName=NetC24_2 Pin=Q3-2
Added Pin To Net: NetName=NetC24_2 Pin=R21-1
Added Net: Name=NetC24_2
Added Pin To Net: NetName=NetC25_2 Pin=C25-2
Added Pin To Net: NetName=NetC25_2 Pin=Q3-1
Added Pin To Net: NetName=NetC25_2 Pin=R22-1
Added Pin To Net: NetName=NetC25_2 Pin=R23-2
Added Net: Name=NetC25_2
Added Pin To Net: NetName=NetQ3_3 Pin=Q3-3
Added Pin To Net: NetName=NetQ3_3 Pin=R20-1
Added Net: Name=NetQ3_3
Added Class: Name=Transmitter - BlackChat
